<?xml version="1.0" encoding="UTF-8"?>
<!-- Generated by org.testng.reporters.JUnitXMLReporter -->
<testsuite ignored="0" hostname="IN-PG0352G7" failures="0" tests="3" name="Test" time="32.66" errors="0" timestamp="2023-05-31T16:32:22 IST">
  <testcase classname="insuranceCalculator_Motercycle.EndTOEndTests_motercycle" name="insuranceCalculate" time="4.526"/>
  <testcase classname="insuranceCalculator_Motercycle.EndTOEndTests_motercycle" name="insuranceCalculate" time="4.064"/>
  <testcase classname="insuranceCalculator_Motercycle.EndTOEndTests_motercycle" name="insuranceCalculate" time="4.005"/>
</testsuite> <!-- Test -->
